-encoding
UTF-8
-outxml
-source
7
-target
7
-classpath
C:\Users\Vostro\.m2\repository\junit\junit\4.11\junit-4.11.jar;C:\Users\Vostro\.m2\repository\log4j\log4j\1.2.17\log4j-1.2.17.jar;C:\Users\Vostro\.m2\repository\org\slf4j\slf4j-api\1.7.5\slf4j-api-1.7.5.jar;C:\Users\Vostro\.m2\repository\org\slf4j\jcl-over-slf4j\1.7.5\jcl-over-slf4j-1.7.5.jar;C:\Users\Vostro\.m2\repository\org\slf4j\slf4j-log4j12\1.7.5\slf4j-log4j12-1.7.5.jar;C:\Users\Vostro\.m2\repository\org\aspectj\aspectjrt\1.7.2\aspectjrt-1.7.2.jar;C:\Users\Vostro\.m2\repository\org\aspectj\aspectjweaver\1.7.2\aspectjweaver-1.7.2.jar;C:\Users\Vostro\.m2\repository\javax\servlet\servlet-api\2.5\servlet-api-2.5.jar;C:\Users\Vostro\.m2\repository\net\sf\flexjson\flexjson\3.0\flexjson-3.0.jar;C:\Users\Vostro\.m2\repository\org\apache\commons\commons-lang3\3.1\commons-lang3-3.1.jar;C:\Users\Vostro\.m2\repository\org\springframework\spring-core\3.2.3.RELEASE\spring-core-3.2.3.RELEASE.jar;C:\Users\Vostro\.m2\repository\org\springframework\spring-test\3.2.3.RELEASE\spring-test-3.2.3.RELEASE.jar;C:\Users\Vostro\.m2\repository\org\springframework\spring-context\3.2.3.RELEASE\spring-context-3.2.3.RELEASE.jar;C:\Users\Vostro\.m2\repository\org\springframework\spring-aop\3.2.3.RELEASE\spring-aop-3.2.3.RELEASE.jar;C:\Users\Vostro\.m2\repository\org\springframework\spring-aspects\3.2.3.RELEASE\spring-aspects-3.2.3.RELEASE.jar;C:\Users\Vostro\.m2\repository\postgresql\postgresql\9.1-901-1.jdbc4\postgresql-9.1-901-1.jdbc4.jar;C:\Users\Vostro\.m2\repository\org\hibernate\hibernate-core\4.2.2.Final\hibernate-core-4.2.2.Final.jar;C:\Users\Vostro\.m2\repository\org\hibernate\hibernate-entitymanager\4.2.2.Final\hibernate-entitymanager-4.2.2.Final.jar;C:\Users\Vostro\.m2\repository\org\hibernate\javax\persistence\hibernate-jpa-2.0-api\1.0.1.Final\hibernate-jpa-2.0-api-1.0.1.Final.jar;C:\Users\Vostro\.m2\repository\commons-collections\commons-collections\3.2.1\commons-collections-3.2.1.jar;C:\Users\Vostro\.m2\repository\org\hibernate\hibernate-validator\4.3.1.Final\hibernate-validator-4.3.1.Final.jar;C:\Users\Vostro\.m2\repository\javax\validation\validation-api\1.0.0.GA\validation-api-1.0.0.GA.jar;C:\Users\Vostro\.m2\repository\javax\transaction\jta\1.1\jta-1.1.jar;C:\Users\Vostro\.m2\repository\org\springframework\spring-jdbc\3.2.3.RELEASE\spring-jdbc-3.2.3.RELEASE.jar;C:\Users\Vostro\.m2\repository\org\springframework\spring-orm\3.2.3.RELEASE\spring-orm-3.2.3.RELEASE.jar;C:\Users\Vostro\.m2\repository\commons-pool\commons-pool\1.5.6\commons-pool-1.5.6.jar;C:\Users\Vostro\.m2\repository\commons-dbcp\commons-dbcp\1.4\commons-dbcp-1.4.jar;C:\Users\Vostro\.m2\repository\org\springframework\spring-webmvc\3.2.3.RELEASE\spring-webmvc-3.2.3.RELEASE.jar;C:\Users\Vostro\.m2\repository\org\springframework\webflow\spring-js-resources\2.2.1.RELEASE\spring-js-resources-2.2.1.RELEASE.jar;C:\Users\Vostro\.m2\repository\commons-digester\commons-digester\2.1\commons-digester-2.1.jar;C:\Users\Vostro\.m2\repository\commons-fileupload\commons-fileupload\1.2.2\commons-fileupload-1.2.2.jar;C:\Users\Vostro\.m2\repository\javax\servlet\jsp\jstl\jstl-api\1.2\jstl-api-1.2.jar;C:\Users\Vostro\.m2\repository\org\glassfish\web\jstl-impl\1.2\jstl-impl-1.2.jar;C:\Users\Vostro\.m2\repository\javax\el\el-api\2.2\el-api-2.2.jar;C:\Users\Vostro\.m2\repository\joda-time\joda-time\1.6\joda-time-1.6.jar;C:\Users\Vostro\.m2\repository\javax\servlet\jsp\jsp-api\2.1\jsp-api-2.1.jar;C:\Users\Vostro\.m2\repository\commons-codec\commons-codec\1.5\commons-codec-1.5.jar;C:\Users\Vostro\.m2\repository\org\apache\tiles\tiles-jsp\2.2.2\tiles-jsp-2.2.2.jar;C:\Users\Vostro\.m2\repository\org\springframework\security\spring-security-core\3.1.0.RELEASE\spring-security-core-3.1.0.RELEASE.jar;C:\Users\Vostro\.m2\repository\org\springframework\security\spring-security-config\3.1.0.RELEASE\spring-security-config-3.1.0.RELEASE.jar;C:\Users\Vostro\.m2\repository\org\springframework\security\spring-security-web\3.1.0.RELEASE\spring-security-web-3.1.0.RELEASE.jar;C:\Users\Vostro\.m2\repository\org\springframework\security\spring-security-taglibs\3.1.0.RELEASE\spring-security-taglibs-3.1.0.RELEASE.jar;C:\Users\Vostro\.m2\repository\org\springframework\spring-beans\3.2.3.RELEASE\spring-beans-3.2.3.RELEASE.jar;C:\Users\Vostro\.m2\repository\org\springframework\spring-expression\3.2.3.RELEASE\spring-expression-3.2.3.RELEASE.jar;C:\Users\Vostro\.m2\repository\aopalliance\aopalliance\1.0\aopalliance-1.0.jar;C:\Users\Vostro\.m2\repository\org\springframework\spring-context-support\3.2.3.RELEASE\spring-context-support-3.2.3.RELEASE.jar;C:\Users\Vostro\.m2\repository\antlr\antlr\2.7.7\antlr-2.7.7.jar;C:\Users\Vostro\.m2\repository\org\jboss\logging\jboss-logging\3.1.0.GA\jboss-logging-3.1.0.GA.jar;C:\Users\Vostro\.m2\repository\dom4j\dom4j\1.6.1\dom4j-1.6.1.jar;C:\Users\Vostro\.m2\repository\org\jboss\spec\javax\transaction\jboss-transaction-api_1.1_spec\1.0.1.Final\jboss-transaction-api_1.1_spec-1.0.1.Final.jar;C:\Users\Vostro\.m2\repository\org\hibernate\common\hibernate-commons-annotations\4.0.2.Final\hibernate-commons-annotations-4.0.2.Final.jar;C:\Users\Vostro\.m2\repository\org\javassist\javassist\3.15.0-GA\javassist-3.15.0-GA.jar;C:\Users\Vostro\.m2\repository\org\springframework\spring-tx\3.2.3.RELEASE\spring-tx-3.2.3.RELEASE.jar;C:\Users\Vostro\.m2\repository\org\springframework\spring-web\3.2.3.RELEASE\spring-web-3.2.3.RELEASE.jar;C:\Users\Vostro\.m2\repository\commons-beanutils\commons-beanutils\1.8.3\commons-beanutils-1.8.3.jar;C:\Users\Vostro\.m2\repository\org\apache\tiles\tiles-servlet\2.2.2\tiles-servlet-2.2.2.jar;C:\Users\Vostro\.m2\repository\org\apache\tiles\tiles-core\2.2.2\tiles-core-2.2.2.jar;C:\Users\Vostro\.m2\repository\org\apache\tiles\tiles-template\2.2.2\tiles-template-2.2.2.jar;C:\Users\Vostro\.m2\repository\org\apache\tiles\tiles-api\2.2.2\tiles-api-2.2.2.jar;C:\Users\Vostro\.m2\repository\org\springframework\security\spring-security-crypto\3.1.0.RELEASE\spring-security-crypto-3.1.0.RELEASE.jar;C:\Users\Vostro\.m2\repository\org\springframework\security\spring-security-acl\3.1.0.RELEASE\spring-security-acl-3.1.0.RELEASE.jar;C:\Users\Vostro\Desktop\sausensor-server\target\classes
-aspectpath
C:\Users\Vostro\.m2\repository\org\springframework\spring-aspects\3.2.3.RELEASE\spring-aspects-3.2.3.RELEASE.jar
-d
C:\Users\Vostro\Desktop\sausensor-server\target\classes
C:\Users\Vostro\Desktop\sausensor-server\src\main\java\edu\sau\sausensor\server\controller\AccountController.java
C:\Users\Vostro\Desktop\sausensor-server\src\main\java\edu\sau\sausensor\server\controller\AccountController_Roo_Controller.aj
C:\Users\Vostro\Desktop\sausensor-server\src\main\java\edu\sau\sausensor\server\controller\AccountController_Roo_Controller_Json.aj
C:\Users\Vostro\Desktop\sausensor-server\src\main\java\edu\sau\sausensor\server\controller\AccountRolesController.java
C:\Users\Vostro\Desktop\sausensor-server\src\main\java\edu\sau\sausensor\server\controller\AccountRolesController_Roo_Controller.aj
C:\Users\Vostro\Desktop\sausensor-server\src\main\java\edu\sau\sausensor\server\controller\AccountRolesController_Roo_Controller_Json.aj
C:\Users\Vostro\Desktop\sausensor-server\src\main\java\edu\sau\sausensor\server\controller\ApplicationConversionServiceFactoryBean.java
C:\Users\Vostro\Desktop\sausensor-server\src\main\java\edu\sau\sausensor\server\controller\ApplicationConversionServiceFactoryBean_Roo_ConversionService.aj
C:\Users\Vostro\Desktop\sausensor-server\src\main\java\edu\sau\sausensor\server\controller\Mts400ResultsController.java
C:\Users\Vostro\Desktop\sausensor-server\src\main\java\edu\sau\sausensor\server\controller\Mts400ResultsController_Roo_Controller.aj
C:\Users\Vostro\Desktop\sausensor-server\src\main\java\edu\sau\sausensor\server\controller\Mts400ResultsController_Roo_Controller_Finder.aj
C:\Users\Vostro\Desktop\sausensor-server\src\main\java\edu\sau\sausensor\server\controller\Mts400ResultsController_Roo_Controller_Json.aj
C:\Users\Vostro\Desktop\sausensor-server\src\main\java\edu\sau\sausensor\server\controller\Mts400ResultsLController.java
C:\Users\Vostro\Desktop\sausensor-server\src\main\java\edu\sau\sausensor\server\controller\Mts400ResultsLController_Roo_Controller.aj
C:\Users\Vostro\Desktop\sausensor-server\src\main\java\edu\sau\sausensor\server\controller\Mts400ResultsLController_Roo_Controller_Json.aj
C:\Users\Vostro\Desktop\sausensor-server\src\main\java\edu\sau\sausensor\server\controller\NodeHealthController.java
C:\Users\Vostro\Desktop\sausensor-server\src\main\java\edu\sau\sausensor\server\controller\NodeHealthController_Roo_Controller.aj
C:\Users\Vostro\Desktop\sausensor-server\src\main\java\edu\sau\sausensor\server\controller\NodeHealthController_Roo_Controller_Finder.aj
C:\Users\Vostro\Desktop\sausensor-server\src\main\java\edu\sau\sausensor\server\controller\NodeHealthController_Roo_Controller_Json.aj
C:\Users\Vostro\Desktop\sausensor-server\src\main\java\edu\sau\sausensor\server\controller\NodeHealthLController.java
C:\Users\Vostro\Desktop\sausensor-server\src\main\java\edu\sau\sausensor\server\controller\NodeHealthLController_Roo_Controller.aj
C:\Users\Vostro\Desktop\sausensor-server\src\main\java\edu\sau\sausensor\server\controller\NodeHealthLController_Roo_Controller_Finder.aj
C:\Users\Vostro\Desktop\sausensor-server\src\main\java\edu\sau\sausensor\server\controller\NodeHealthLController_Roo_Controller_Json.aj
C:\Users\Vostro\Desktop\sausensor-server\src\main\java\edu\sau\sausensor\server\controller\PersonController.java
C:\Users\Vostro\Desktop\sausensor-server\src\main\java\edu\sau\sausensor\server\controller\PersonController_Roo_Controller.aj
C:\Users\Vostro\Desktop\sausensor-server\src\main\java\edu\sau\sausensor\server\controller\PersonController_Roo_Controller_Json.aj
C:\Users\Vostro\Desktop\sausensor-server\src\main\java\edu\sau\sausensor\server\controller\SensorController.java
C:\Users\Vostro\Desktop\sausensor-server\src\main\java\edu\sau\sausensor\server\controller\SensorController_Roo_Controller.aj
C:\Users\Vostro\Desktop\sausensor-server\src\main\java\edu\sau\sausensor\server\controller\SensorController_Roo_Controller_Finder.aj
C:\Users\Vostro\Desktop\sausensor-server\src\main\java\edu\sau\sausensor\server\controller\SensorController_Roo_Controller_Json.aj
C:\Users\Vostro\Desktop\sausensor-server\src\main\java\edu\sau\sausensor\server\domain\Account.java
C:\Users\Vostro\Desktop\sausensor-server\src\main\java\edu\sau\sausensor\server\domain\AccountRoles.java
C:\Users\Vostro\Desktop\sausensor-server\src\main\java\edu\sau\sausensor\server\domain\AccountRoles_Roo_Configurable.aj
C:\Users\Vostro\Desktop\sausensor-server\src\main\java\edu\sau\sausensor\server\domain\AccountRoles_Roo_JavaBean.aj
C:\Users\Vostro\Desktop\sausensor-server\src\main\java\edu\sau\sausensor\server\domain\AccountRoles_Roo_Jpa_ActiveRecord.aj
C:\Users\Vostro\Desktop\sausensor-server\src\main\java\edu\sau\sausensor\server\domain\AccountRoles_Roo_Jpa_Entity.aj
C:\Users\Vostro\Desktop\sausensor-server\src\main\java\edu\sau\sausensor\server\domain\AccountRoles_Roo_Json.aj
C:\Users\Vostro\Desktop\sausensor-server\src\main\java\edu\sau\sausensor\server\domain\AccountRoles_Roo_ToString.aj
C:\Users\Vostro\Desktop\sausensor-server\src\main\java\edu\sau\sausensor\server\domain\Account_Roo_Configurable.aj
C:\Users\Vostro\Desktop\sausensor-server\src\main\java\edu\sau\sausensor\server\domain\Account_Roo_JavaBean.aj
C:\Users\Vostro\Desktop\sausensor-server\src\main\java\edu\sau\sausensor\server\domain\Account_Roo_Jpa_ActiveRecord.aj
C:\Users\Vostro\Desktop\sausensor-server\src\main\java\edu\sau\sausensor\server\domain\Account_Roo_Jpa_Entity.aj
C:\Users\Vostro\Desktop\sausensor-server\src\main\java\edu\sau\sausensor\server\domain\Account_Roo_Json.aj
C:\Users\Vostro\Desktop\sausensor-server\src\main\java\edu\sau\sausensor\server\domain\Account_Roo_ToString.aj
C:\Users\Vostro\Desktop\sausensor-server\src\main\java\edu\sau\sausensor\server\domain\Area.java
C:\Users\Vostro\Desktop\sausensor-server\src\main\java\edu\sau\sausensor\server\domain\enumtyped\EMts400Results.java
C:\Users\Vostro\Desktop\sausensor-server\src\main\java\edu\sau\sausensor\server\domain\enumtyped\ENodeHealth.java
C:\Users\Vostro\Desktop\sausensor-server\src\main\java\edu\sau\sausensor\server\domain\enumtyped\ESensor.java
C:\Users\Vostro\Desktop\sausensor-server\src\main\java\edu\sau\sausensor\server\domain\Level.java
C:\Users\Vostro\Desktop\sausensor-server\src\main\java\edu\sau\sausensor\server\domain\Mts400Results.java
C:\Users\Vostro\Desktop\sausensor-server\src\main\java\edu\sau\sausensor\server\domain\Mts400ResultsL.java
C:\Users\Vostro\Desktop\sausensor-server\src\main\java\edu\sau\sausensor\server\domain\Mts400ResultsL_Roo_Configurable.aj
C:\Users\Vostro\Desktop\sausensor-server\src\main\java\edu\sau\sausensor\server\domain\Mts400ResultsL_Roo_DbManaged.aj
C:\Users\Vostro\Desktop\sausensor-server\src\main\java\edu\sau\sausensor\server\domain\Mts400ResultsL_Roo_Jpa_ActiveRecord.aj
C:\Users\Vostro\Desktop\sausensor-server\src\main\java\edu\sau\sausensor\server\domain\Mts400ResultsL_Roo_Jpa_Entity.aj
C:\Users\Vostro\Desktop\sausensor-server\src\main\java\edu\sau\sausensor\server\domain\Mts400ResultsL_Roo_Json.aj
C:\Users\Vostro\Desktop\sausensor-server\src\main\java\edu\sau\sausensor\server\domain\Mts400ResultsL_Roo_ToString.aj
C:\Users\Vostro\Desktop\sausensor-server\src\main\java\edu\sau\sausensor\server\domain\Mts400Results_Roo_Configurable.aj
C:\Users\Vostro\Desktop\sausensor-server\src\main\java\edu\sau\sausensor\server\domain\Mts400Results_Roo_DbManaged.aj
C:\Users\Vostro\Desktop\sausensor-server\src\main\java\edu\sau\sausensor\server\domain\Mts400Results_Roo_Finder.aj
C:\Users\Vostro\Desktop\sausensor-server\src\main\java\edu\sau\sausensor\server\domain\Mts400Results_Roo_Jpa_ActiveRecord.aj
C:\Users\Vostro\Desktop\sausensor-server\src\main\java\edu\sau\sausensor\server\domain\Mts400Results_Roo_Jpa_Entity.aj
C:\Users\Vostro\Desktop\sausensor-server\src\main\java\edu\sau\sausensor\server\domain\Mts400Results_Roo_Json.aj
C:\Users\Vostro\Desktop\sausensor-server\src\main\java\edu\sau\sausensor\server\domain\Mts400Results_Roo_ToString.aj
C:\Users\Vostro\Desktop\sausensor-server\src\main\java\edu\sau\sausensor\server\domain\NodeHealth.java
C:\Users\Vostro\Desktop\sausensor-server\src\main\java\edu\sau\sausensor\server\domain\NodeHealthL.java
C:\Users\Vostro\Desktop\sausensor-server\src\main\java\edu\sau\sausensor\server\domain\NodeHealthL_Roo_Configurable.aj
C:\Users\Vostro\Desktop\sausensor-server\src\main\java\edu\sau\sausensor\server\domain\NodeHealthL_Roo_DbManaged.aj
C:\Users\Vostro\Desktop\sausensor-server\src\main\java\edu\sau\sausensor\server\domain\NodeHealthL_Roo_Finder.aj
C:\Users\Vostro\Desktop\sausensor-server\src\main\java\edu\sau\sausensor\server\domain\NodeHealthL_Roo_Jpa_ActiveRecord.aj
C:\Users\Vostro\Desktop\sausensor-server\src\main\java\edu\sau\sausensor\server\domain\NodeHealthL_Roo_Jpa_Entity.aj
C:\Users\Vostro\Desktop\sausensor-server\src\main\java\edu\sau\sausensor\server\domain\NodeHealthL_Roo_Json.aj
C:\Users\Vostro\Desktop\sausensor-server\src\main\java\edu\sau\sausensor\server\domain\NodeHealthL_Roo_ToString.aj
C:\Users\Vostro\Desktop\sausensor-server\src\main\java\edu\sau\sausensor\server\domain\NodeHealth_Roo_Configurable.aj
C:\Users\Vostro\Desktop\sausensor-server\src\main\java\edu\sau\sausensor\server\domain\NodeHealth_Roo_DbManaged.aj
C:\Users\Vostro\Desktop\sausensor-server\src\main\java\edu\sau\sausensor\server\domain\NodeHealth_Roo_Finder.aj
C:\Users\Vostro\Desktop\sausensor-server\src\main\java\edu\sau\sausensor\server\domain\NodeHealth_Roo_Jpa_ActiveRecord.aj
C:\Users\Vostro\Desktop\sausensor-server\src\main\java\edu\sau\sausensor\server\domain\NodeHealth_Roo_Jpa_Entity.aj
C:\Users\Vostro\Desktop\sausensor-server\src\main\java\edu\sau\sausensor\server\domain\NodeHealth_Roo_Json.aj
C:\Users\Vostro\Desktop\sausensor-server\src\main\java\edu\sau\sausensor\server\domain\NodeHealth_Roo_ToString.aj
C:\Users\Vostro\Desktop\sausensor-server\src\main\java\edu\sau\sausensor\server\domain\Person.java
C:\Users\Vostro\Desktop\sausensor-server\src\main\java\edu\sau\sausensor\server\domain\Person_Roo_Configurable.aj
C:\Users\Vostro\Desktop\sausensor-server\src\main\java\edu\sau\sausensor\server\domain\Person_Roo_JavaBean.aj
C:\Users\Vostro\Desktop\sausensor-server\src\main\java\edu\sau\sausensor\server\domain\Person_Roo_Jpa_ActiveRecord.aj
C:\Users\Vostro\Desktop\sausensor-server\src\main\java\edu\sau\sausensor\server\domain\Person_Roo_Jpa_Entity.aj
C:\Users\Vostro\Desktop\sausensor-server\src\main\java\edu\sau\sausensor\server\domain\Person_Roo_Json.aj
C:\Users\Vostro\Desktop\sausensor-server\src\main\java\edu\sau\sausensor\server\domain\Person_Roo_ToString.aj
C:\Users\Vostro\Desktop\sausensor-server\src\main\java\edu\sau\sausensor\server\domain\Sensor.java
C:\Users\Vostro\Desktop\sausensor-server\src\main\java\edu\sau\sausensor\server\domain\Sensor_Roo_Configurable.aj
C:\Users\Vostro\Desktop\sausensor-server\src\main\java\edu\sau\sausensor\server\domain\Sensor_Roo_Finder.aj
C:\Users\Vostro\Desktop\sausensor-server\src\main\java\edu\sau\sausensor\server\domain\Sensor_Roo_JavaBean.aj
C:\Users\Vostro\Desktop\sausensor-server\src\main\java\edu\sau\sausensor\server\domain\Sensor_Roo_Jpa_ActiveRecord.aj
C:\Users\Vostro\Desktop\sausensor-server\src\main\java\edu\sau\sausensor\server\domain\Sensor_Roo_Jpa_Entity.aj
C:\Users\Vostro\Desktop\sausensor-server\src\main\java\edu\sau\sausensor\server\domain\Sensor_Roo_Json.aj
C:\Users\Vostro\Desktop\sausensor-server\src\main\java\edu\sau\sausensor\server\domain\Sensor_Roo_ToString.aj
